This file contains any messages produced by compilers while
running configure, to aid debugging if configure makes a mistake.

It was created by all configure 1.0, which was
generated by GNU Autoconf 2.69.  Invocation command line was

  $ ./configure 

## --------- ##
## Platform. ##
## --------- ##

hostname = 82-79.priv29.nus.edu.sg
uname -m = x86_64
uname -r = 16.7.0
uname -s = Darwin
uname -v = Darwin Kernel Version 16.7.0: Tue Jan 30 11:27:06 PST 2018; root:xnu-3789.73.11~1/RELEASE_X86_64

/usr/bin/uname -p = i386
/bin/uname -X     = unknown

/bin/arch              = unknown
/usr/bin/arch -k       = unknown
/usr/convex/getsysinfo = unknown
/usr/bin/hostinfo      = Mach kernel version:
	 Darwin Kernel Version 16.7.0: Tue Jan 30 11:27:06 PST 2018; root:xnu-3789.73.11~1/RELEASE_X86_64
Kernel configured for up to 8 processors.
4 processors are physically available.
8 processors are logically available.
Processor type: i486 (Intel 80486)
Processors active: 0 1 2 3 4 5 6 7
Primary memory available: 16.00 gigabytes
Default processor set: 401 tasks, 1970 threads, 8 processors
Load average: 2.15, Mach factor: 5.84
/bin/machine           = unknown
/usr/bin/oslevel       = unknown
/bin/universe          = unknown

PATH: /usr/bin
PATH: /bin
PATH: /usr/sbin
PATH: /sbin
PATH: /usr/local/bin
PATH: /opt/X11/bin
PATH: /Library/TeX/texbin
PATH: /opt/local/bin


## ----------- ##
## Core tests. ##
## ----------- ##

configure:2117: checking for C++ compiler version
configure:2126: clang++ --version >&5
Apple LLVM version 8.0.0 (clang-800.0.42.1)
Target: x86_64-apple-darwin16.7.0
Thread model: posix
InstalledDir: /Applications/Xcode.app/Contents/Developer/Toolchains/XcodeDefault.xctoolchain/usr/bin
configure:2137: $? = 0
configure:2126: clang++ -v >&5
Apple LLVM version 8.0.0 (clang-800.0.42.1)
Target: x86_64-apple-darwin16.7.0
Thread model: posix
InstalledDir: /Applications/Xcode.app/Contents/Developer/Toolchains/XcodeDefault.xctoolchain/usr/bin
configure:2137: $? = 0
configure:2126: clang++ -V >&5
clang: error: argument to '-V' is missing (expected 1 value)
clang: error: no input files
configure:2137: $? = 1
configure:2126: clang++ -qversion >&5
clang: error: unknown argument: '-qversion'
clang: error: no input files
configure:2137: $? = 1
configure:2157: checking whether the C++ compiler works
configure:2179: clang++ -Wall -g -O2 -I/usr/local/include  conftest.cpp  >&5
configure:2183: $? = 0
configure:2231: result: yes
configure:2234: checking for C++ compiler default output file name
configure:2236: result: a.out
configure:2242: checking for suffix of executables
configure:2249: clang++ -o conftest -Wall -g -O2 -I/usr/local/include  conftest.cpp  >&5
configure:2253: $? = 0
configure:2275: result: 
configure:2297: checking whether we are cross compiling
configure:2305: clang++ -o conftest -Wall -g -O2 -I/usr/local/include  conftest.cpp  >&5
configure:2309: $? = 0
configure:2316: ./conftest
configure:2320: $? = 0
configure:2335: result: no
configure:2340: checking for suffix of object files
configure:2362: clang++ -c -Wall -g -O2 -I/usr/local/include conftest.cpp >&5
configure:2366: $? = 0
configure:2387: result: o
configure:2391: checking whether we are using the GNU C++ compiler
configure:2410: clang++ -c -Wall -g -O2 -I/usr/local/include conftest.cpp >&5
configure:2410: $? = 0
configure:2419: result: yes
configure:2428: checking whether clang++ accepts -g
configure:2448: clang++ -c -g -I/usr/local/include conftest.cpp >&5
configure:2448: $? = 0
configure:2489: result: yes
configure:2519: checking how to run the C++ preprocessor
configure:2546: clang++ -E -I/usr/local/include conftest.cpp
configure:2546: $? = 0
configure:2560: clang++ -E -I/usr/local/include conftest.cpp
conftest.cpp:9:10: fatal error: 'ac_nonexistent.h' file not found
#include <ac_nonexistent.h>
         ^
1 error generated.
configure:2560: $? = 1
configure: failed program was:
| /* confdefs.h */
| #define PACKAGE_NAME "all"
| #define PACKAGE_TARNAME "all"
| #define PACKAGE_VERSION "1.0"
| #define PACKAGE_STRING "all 1.0"
| #define PACKAGE_BUGREPORT ""
| #define PACKAGE_URL ""
| /* end confdefs.h.  */
| #include <ac_nonexistent.h>
configure:2585: result: clang++ -E
configure:2605: clang++ -E -I/usr/local/include conftest.cpp
configure:2605: $? = 0
configure:2619: clang++ -E -I/usr/local/include conftest.cpp
conftest.cpp:9:10: fatal error: 'ac_nonexistent.h' file not found
#include <ac_nonexistent.h>
         ^
1 error generated.
configure:2619: $? = 1
configure: failed program was:
| /* confdefs.h */
| #define PACKAGE_NAME "all"
| #define PACKAGE_TARNAME "all"
| #define PACKAGE_VERSION "1.0"
| #define PACKAGE_STRING "all 1.0"
| #define PACKAGE_BUGREPORT ""
| #define PACKAGE_URL ""
| /* end confdefs.h.  */
| #include <ac_nonexistent.h>
configure:2648: checking for grep that handles long lines and -e
configure:2706: result: /usr/bin/grep
configure:2711: checking for egrep
configure:2773: result: /usr/bin/grep -E
configure:2778: checking for ANSI C header files
configure:2798: clang++ -c -Wall -g -O2 -I/usr/local/include conftest.cpp >&5
configure:2798: $? = 0
configure:2871: clang++ -o conftest -Wall -g -O2 -I/usr/local/include  conftest.cpp  >&5
configure:2871: $? = 0
configure:2871: ./conftest
configure:2871: $? = 0
configure:2882: result: yes
configure:2895: checking for sys/types.h
configure:2895: clang++ -c -Wall -g -O2 -I/usr/local/include conftest.cpp >&5
configure:2895: $? = 0
configure:2895: result: yes
configure:2895: checking for sys/stat.h
configure:2895: clang++ -c -Wall -g -O2 -I/usr/local/include conftest.cpp >&5
configure:2895: $? = 0
configure:2895: result: yes
configure:2895: checking for stdlib.h
configure:2895: clang++ -c -Wall -g -O2 -I/usr/local/include conftest.cpp >&5
configure:2895: $? = 0
configure:2895: result: yes
configure:2895: checking for string.h
configure:2895: clang++ -c -Wall -g -O2 -I/usr/local/include conftest.cpp >&5
configure:2895: $? = 0
configure:2895: result: yes
configure:2895: checking for memory.h
configure:2895: clang++ -c -Wall -g -O2 -I/usr/local/include conftest.cpp >&5
configure:2895: $? = 0
configure:2895: result: yes
configure:2895: checking for strings.h
configure:2895: clang++ -c -Wall -g -O2 -I/usr/local/include conftest.cpp >&5
configure:2895: $? = 0
configure:2895: result: yes
configure:2895: checking for inttypes.h
configure:2895: clang++ -c -Wall -g -O2 -I/usr/local/include conftest.cpp >&5
configure:2895: $? = 0
configure:2895: result: yes
configure:2895: checking for stdint.h
configure:2895: clang++ -c -Wall -g -O2 -I/usr/local/include conftest.cpp >&5
configure:2895: $? = 0
configure:2895: result: yes
configure:2895: checking for unistd.h
configure:2895: clang++ -c -Wall -g -O2 -I/usr/local/include conftest.cpp >&5
configure:2895: $? = 0
configure:2895: result: yes
configure:2909: checking sqlite3.h usability
configure:2909: clang++ -c -Wall -g -O2 -I/usr/local/include conftest.cpp >&5
configure:2909: $? = 0
configure:2909: result: yes
configure:2909: checking sqlite3.h presence
configure:2909: clang++ -E -I/usr/local/include conftest.cpp
configure:2909: $? = 0
configure:2909: result: yes
configure:2909: checking for sqlite3.h
configure:2909: result: yes
configure:2935: checking for a sed that does not truncate output
configure:2999: result: /usr/bin/sed
configure: this is boost.m4 serial 26
configure:3032: checking for Boost headers version >= 1.54.0
configure:3103: clang++ -c -Wall -g -O2 -I/usr/local/include conftest.cpp >&5
configure:3103: $? = 0
configure:3124: result: yes
configure:3144: checking for Boost's header version
configure:3175: result: 1_66
configure:3192: WARNING: Library locations not detecting: using default locations.
configure:3215: checking boost/filesystem.hpp usability
configure:3215: clang++ -c -Wall -g -O2 -I/usr/local/include  conftest.cpp >&5
configure:3215: $? = 0
configure:3215: result: yes
configure:3215: checking boost/filesystem.hpp presence
configure:3215: clang++ -E -I/usr/local/include  conftest.cpp
configure:3215: $? = 0
configure:3215: result: yes
configure:3215: checking for boost/filesystem.hpp
configure:3215: result: yes
configure:3236: checking src/RLogging.cpp usability
configure:3236: clang++ -c -Wall -g -O2 -I/usr/local/include conftest.cpp >&5
conftest.cpp:55:10: error: 'src/RLogging.cpp' file not found with <angled> include; use "quotes" instead
#include <src/RLogging.cpp>
         ^~~~~~~~~~~~~~~~~~
         "src/RLogging.cpp"
In file included from conftest.cpp:55:
./src/RLogging.cpp:11:10: fatal error: 'Rcpp/r/headers.h' file not found
#include <Rcpp/r/headers.h>
         ^
2 errors generated.
configure:3236: $? = 1
configure: failed program was:
| /* confdefs.h */
| #define PACKAGE_NAME "all"
| #define PACKAGE_TARNAME "all"
| #define PACKAGE_VERSION "1.0"
| #define PACKAGE_STRING "all 1.0"
| #define PACKAGE_BUGREPORT ""
| #define PACKAGE_URL ""
| #define STDC_HEADERS 1
| #define HAVE_SYS_TYPES_H 1
| #define HAVE_SYS_STAT_H 1
| #define HAVE_STDLIB_H 1
| #define HAVE_STRING_H 1
| #define HAVE_MEMORY_H 1
| #define HAVE_STRINGS_H 1
| #define HAVE_INTTYPES_H 1
| #define HAVE_STDINT_H 1
| #define HAVE_UNISTD_H 1
| #define HAVE_SQLITE3_H 1
| #define HAVE_BOOST 1
| #define HAVE_BOOST_FILESYSTEM_HPP 1
| /* end confdefs.h.  */
| #include <stdio.h>
| #ifdef HAVE_SYS_TYPES_H
| # include <sys/types.h>
| #endif
| #ifdef HAVE_SYS_STAT_H
| # include <sys/stat.h>
| #endif
| #ifdef STDC_HEADERS
| # include <stdlib.h>
| # include <stddef.h>
| #else
| # ifdef HAVE_STDLIB_H
| #  include <stdlib.h>
| # endif
| #endif
| #ifdef HAVE_STRING_H
| # if !defined STDC_HEADERS && defined HAVE_MEMORY_H
| #  include <memory.h>
| # endif
| # include <string.h>
| #endif
| #ifdef HAVE_STRINGS_H
| # include <strings.h>
| #endif
| #ifdef HAVE_INTTYPES_H
| # include <inttypes.h>
| #endif
| #ifdef HAVE_STDINT_H
| # include <stdint.h>
| #endif
| #ifdef HAVE_UNISTD_H
| # include <unistd.h>
| #endif
| #include <src/RLogging.cpp>
configure:3236: result: no
configure:3236: checking src/RLogging.cpp presence
configure:3236: clang++ -E -I/usr/local/include conftest.cpp
conftest.cpp:22:10: error: 'src/RLogging.cpp' file not found with <angled> include; use "quotes" instead
#include <src/RLogging.cpp>
         ^~~~~~~~~~~~~~~~~~
         "src/RLogging.cpp"
In file included from conftest.cpp:22:
./src/RLogging.cpp:11:10: fatal error: 'Rcpp/r/headers.h' file not found
#include <Rcpp/r/headers.h>
         ^
2 errors generated.
configure:3236: $? = 1
configure: failed program was:
| /* confdefs.h */
| #define PACKAGE_NAME "all"
| #define PACKAGE_TARNAME "all"
| #define PACKAGE_VERSION "1.0"
| #define PACKAGE_STRING "all 1.0"
| #define PACKAGE_BUGREPORT ""
| #define PACKAGE_URL ""
| #define STDC_HEADERS 1
| #define HAVE_SYS_TYPES_H 1
| #define HAVE_SYS_STAT_H 1
| #define HAVE_STDLIB_H 1
| #define HAVE_STRING_H 1
| #define HAVE_MEMORY_H 1
| #define HAVE_STRINGS_H 1
| #define HAVE_INTTYPES_H 1
| #define HAVE_STDINT_H 1
| #define HAVE_UNISTD_H 1
| #define HAVE_SQLITE3_H 1
| #define HAVE_BOOST 1
| #define HAVE_BOOST_FILESYSTEM_HPP 1
| /* end confdefs.h.  */
| #include <src/RLogging.cpp>
configure:3236: result: no
configure:3236: checking for src/RLogging.cpp
configure:3236: result: no
configure:3253: WARNING: src/necim/fast-cpp-csv-parser not found. Download from https://github.com/ben-strasser/fast-cpp-csv-parser to enable
configure:3280: checking for gdal-config
configure:3298: found /usr/local/bin/gdal-config
configure:3311: result: /usr/local/bin/gdal-config
configure:3347: checking gdal-config usability
configure:3358: result: yes
configure:3378: GDAL: 2.2.4
configure:3380: checking GDAL version >= 1.6.3
configure:3388: result: yes
configure:3394: checking gdal_priv.h usability
configure:3394: clang++ -c -Wall -g -O2 -I/usr/local/include conftest.cpp >&5
configure:3394: $? = 0
configure:3394: result: yes
configure:3394: checking gdal_priv.h presence
configure:3394: clang++ -E -I/usr/local/include conftest.cpp
configure:3394: $? = 0
configure:3394: result: yes
configure:3394: checking for gdal_priv.h
configure:3394: result: yes
configure:3408: checking cpl_conv.h usability
configure:3408: clang++ -c -Wall -g -O2 -I/usr/local/include conftest.cpp >&5
configure:3408: $? = 0
configure:3408: result: yes
configure:3408: checking cpl_conv.h presence
configure:3408: clang++ -E -I/usr/local/include conftest.cpp
configure:3408: $? = 0
configure:3408: result: yes
configure:3408: checking for cpl_conv.h
configure:3408: result: yes
configure:3580: creating ./config.status

## ---------------------- ##
## Running config.status. ##
## ---------------------- ##

This file was extended by all config.status 1.0, which was
generated by GNU Autoconf 2.69.  Invocation command line was

  CONFIG_FILES    = 
  CONFIG_HEADERS  = 
  CONFIG_LINKS    = 
  CONFIG_COMMANDS = 
  $ ./config.status 

on 82-79.priv29.nus.edu.sg

config.status:735: creating src/Makevars

## ---------------- ##
## Cache variables. ##
## ---------------- ##

ac_cv_cxx_compiler_gnu=yes
ac_cv_env_BOOST_ROOT_set=
ac_cv_env_BOOST_ROOT_value=
ac_cv_env_CCC_set=
ac_cv_env_CCC_value=
ac_cv_env_CPPFLAGS_set=
ac_cv_env_CPPFLAGS_value=
ac_cv_env_CXXCPP_set=
ac_cv_env_CXXCPP_value=
ac_cv_env_CXXFLAGS_set=set
ac_cv_env_CXXFLAGS_value='-UNDEBUG -Wall -pedantic -g -O0'
ac_cv_env_CXX_set=
ac_cv_env_CXX_value=
ac_cv_env_LDFLAGS_set=
ac_cv_env_LDFLAGS_value=
ac_cv_env_LIBS_set=
ac_cv_env_LIBS_value=
ac_cv_env_build_alias_set=
ac_cv_env_build_alias_value=
ac_cv_env_host_alias_set=
ac_cv_env_host_alias_value=
ac_cv_env_target_alias_set=
ac_cv_env_target_alias_value=
ac_cv_header_boost_filesystem_hpp=yes
ac_cv_header_cpl_conv_h=yes
ac_cv_header_gdal_priv_h=yes
ac_cv_header_inttypes_h=yes
ac_cv_header_memory_h=yes
ac_cv_header_sqlite3_h=yes
ac_cv_header_src_RLogging_cpp=no
ac_cv_header_stdc=yes
ac_cv_header_stdint_h=yes
ac_cv_header_stdlib_h=yes
ac_cv_header_string_h=yes
ac_cv_header_strings_h=yes
ac_cv_header_sys_stat_h=yes
ac_cv_header_sys_types_h=yes
ac_cv_header_unistd_h=yes
ac_cv_objext=o
ac_cv_path_EGREP='/usr/bin/grep -E'
ac_cv_path_GDAL_CONFIG=/usr/local/bin/gdal-config
ac_cv_path_GREP=/usr/bin/grep
ac_cv_path_SED=/usr/bin/sed
ac_cv_prog_CXXCPP='clang++ -E'
ac_cv_prog_cxx_g=yes
boost_cv_inc_path=yes
boost_cv_lib_version=1_66

## ----------------- ##
## Output variables. ##
## ----------------- ##

BOOST_CPPFLAGS=''
BOOST_ROOT=''
CPPFLAGS='-I/usr/local/include'
CXX='clang++'
CXXCPP='clang++ -E'
CXXFLAGS='-Wall -g -O2'
DEFS='-DPACKAGE_NAME=\"all\" -DPACKAGE_TARNAME=\"all\" -DPACKAGE_VERSION=\"1.0\" -DPACKAGE_STRING=\"all\ 1.0\" -DPACKAGE_BUGREPORT=\"\" -DPACKAGE_URL=\"\" -DSTDC_HEADERS=1 -DHAVE_SYS_TYPES_H=1 -DHAVE_SYS_STAT_H=1 -DHAVE_STDLIB_H=1 -DHAVE_STRING_H=1 -DHAVE_MEMORY_H=1 -DHAVE_STRINGS_H=1 -DHAVE_INTTYPES_H=1 -DHAVE_STDINT_H=1 -DHAVE_UNISTD_H=1 -DHAVE_SQLITE3_H=1 -DHAVE_BOOST=1 -DHAVE_BOOST_FILESYSTEM_HPP=1 -DHAVE_GDAL_PRIV_H=1 -DHAVE_CPL_CONV_H=1'
DISTCHECK_CONFIGURE_FLAGS=' '\''--with-boost='\'''
ECHO_C='\c'
ECHO_N=''
ECHO_T=''
EGREP='/usr/bin/grep -E'
EXEEXT=''
GDAL_CONFIG='/usr/local/bin/gdal-config'
GREP='/usr/bin/grep'
LDFLAGS=''
LIBOBJS=''
LIBS=' -lsqlite3 -lboost_filesystem -lboost_system -lpthread'
LTLIBOBJS=''
OBJEXT='o'
PACKAGE_BUGREPORT=''
PACKAGE_NAME='all'
PACKAGE_STRING='all 1.0'
PACKAGE_TARNAME='all'
PACKAGE_URL=''
PACKAGE_VERSION='1.0'
PATH_SEPARATOR=':'
PKG_CXXFLAGS='-I. -std=c++11 -I/usr/local/Cellar/gdal2/2.2.4/include'
PKG_LIBS=' -arch x86_64 -L/usr/local/lib -lproj -ljson-c -L/usr/local/opt/json-c/lib -L/usr/local/lib -lfreexl -L/usr/local/Cellar/geos/3.6.2/lib -lgeos_c -L/usr/local/opt/sqlite/lib -lsqlite3 -lexpat -L/usr/local -L/usr/local/lib -lgif -L/usr/local -L/usr/local/lib -ljpeg -L/usr/local/lib -lgeotiff -L/usr/local/lib -ltiff -L/usr/local/opt/libpng -L/usr/local/opt/libpng/lib -lpng -lz -L/usr -L/usr/lib -lpthread -ldl -L/usr/local/Cellar/gdal2/2.2.4/lib -L/usr/local/lib -lspatialite -lpcre -lcurl -liconv -L/usr/local/Cellar/libxml2/2.9.7/lib -lxml2 -lz -lpthread -liconv -lm -L/usr/local/Cellar/gdal2/2.2.4/lib -lgdal'
SED='/usr/bin/sed'
SHELL='/bin/sh'
ac_ct_CXX=''
bindir='${exec_prefix}/bin'
build_alias=''
datadir='${datarootdir}'
datarootdir='${prefix}/share'
defines=' -Dwith_gdal'
docdir='${datarootdir}/doc/${PACKAGE_TARNAME}'
dvidir='${docdir}'
exec_prefix='${prefix}'
host_alias=''
htmldir='${docdir}'
includedir='${prefix}/include'
infodir='${datarootdir}/info'
libdir='${exec_prefix}/lib'
libexecdir='${exec_prefix}/libexec'
localedir='${datarootdir}/locale'
localstatedir='${prefix}/var'
mandir='${datarootdir}/man'
oldincludedir='/usr/include'
pdfdir='${docdir}'
prefix='/usr/local'
program_transform_name='s,x,x,'
psdir='${docdir}'
sbindir='${exec_prefix}/sbin'
sharedstatedir='${prefix}/com'
sysconfdir='${prefix}/etc'
target_alias=''

## ----------- ##
## confdefs.h. ##
## ----------- ##

/* confdefs.h */
#define PACKAGE_NAME "all"
#define PACKAGE_TARNAME "all"
#define PACKAGE_VERSION "1.0"
#define PACKAGE_STRING "all 1.0"
#define PACKAGE_BUGREPORT ""
#define PACKAGE_URL ""
#define STDC_HEADERS 1
#define HAVE_SYS_TYPES_H 1
#define HAVE_SYS_STAT_H 1
#define HAVE_STDLIB_H 1
#define HAVE_STRING_H 1
#define HAVE_MEMORY_H 1
#define HAVE_STRINGS_H 1
#define HAVE_INTTYPES_H 1
#define HAVE_STDINT_H 1
#define HAVE_UNISTD_H 1
#define HAVE_SQLITE3_H 1
#define HAVE_BOOST 1
#define HAVE_BOOST_FILESYSTEM_HPP 1
#define HAVE_GDAL_PRIV_H 1
#define HAVE_CPL_CONV_H 1

configure: exit 0
